{"meta": {"format": 3, "version": "7.11.3", "timestamp": "2025-11-16T02:29:02.811720", "branch_coverage": false, "show_contexts": false}, "files": {"modules/__init__.py": {"executed_lines": [1], "summary": {"covered_lines": 0, "num_statements": 0, "percent_covered": 100.0, "percent_covered_display": "100", "missing_lines": 0, "excluded_lines": 0}, "missing_lines": [], "excluded_lines": [], "functions": {"": {"executed_lines": [1], "summary": {"covered_lines": 0, "num_statements": 0, "percent_covered": 100.0, "percent_covered_display": "100", "missing_lines": 0, "excluded_lines": 0}, "missing_lines": [], "excluded_lines": []}}, "classes": {"": {"executed_lines": [1], "summary": {"covered_lines": 0, "num_statements": 0, "percent_covered": 100.0, "percent_covered_display": "100", "missing_lines": 0, "excluded_lines": 0}, "missing_lines": [], "excluded_lines": []}}}, "modules/cite_functions/__init__.py": {"executed_lines": [1, 6, 8, 11, 14], "summary": {"covered_lines": 4, "num_statements": 27, "percent_covered": 14.814814814814815, "percent_covered_display": "15", "missing_lines": 23, "excluded_lines": 0}, "missing_lines": [21, 23, 25, 26, 28, 29, 32, 33, 35, 36, 38, 39, 40, 41, 44, 45, 47, 48, 50, 51, 52, 53, 55], "excluded_lines": [], "functions": {"register_routes": {"executed_lines": [], "summary": {"covered_lines": 0, "num_statements": 13, "percent_covered": 0.0, "percent_covered_display": "0", "missing_lines": 13, "excluded_lines": 0}, "missing_lines": [21, 23, 25, 26, 32, 33, 38, 39, 44, 45, 50, 51, 55], "excluded_lines": []}, "register_routes.CiteLookup": {"executed_lines": [], "summary": {"covered_lines": 0, "num_statements": 2, "percent_covered": 0.0, "percent_covered_display": "0", "missing_lines": 2, "excluded_lines": 0}, "missing_lines": [28, 29], "excluded_lines": []}, "register_routes.CiteGetReference": {"executed_lines": [], "summary": {"covered_lines": 0, "num_statements": 2, "percent_covered": 0.0, "percent_covered_display": "0", "missing_lines": 2, "excluded_lines": 0}, "missing_lines": [35, 36], "excluded_lines": []}, "register_routes.CiteGetReferences": {"executed_lines": [], "summary": {"covered_lines": 0, "num_statements": 2, "percent_covered": 0.0, "percent_covered_display": "0", "missing_lines": 2, "excluded_lines": 0}, "missing_lines": [40, 41], "excluded_lines": []}, "register_routes.CiteGetReferredBy": {"executed_lines": [], "summary": {"covered_lines": 0, "num_statements": 2, "percent_covered": 0.0, "percent_covered_display": "0", "missing_lines": 2, "excluded_lines": 0}, "missing_lines": [47, 48], "excluded_lines": []}, "register_routes.CiteGetReferedBy": {"executed_lines": [], "summary": {"covered_lines": 0, "num_statements": 2, "percent_covered": 0.0, "percent_covered_display": "0", "missing_lines": 2, "excluded_lines": 0}, "missing_lines": [52, 53], "excluded_lines": []}, "": {"executed_lines": [1, 6, 8, 11, 14], "summary": {"covered_lines": 4, "num_statements": 4, "percent_covered": 100.0, "percent_covered_display": "100", "missing_lines": 0, "excluded_lines": 0}, "missing_lines": [], "excluded_lines": []}}, "classes": {"": {"executed_lines": [1, 6, 8, 11, 14], "summary": {"covered_lines": 4, "num_statements": 27, "percent_covered": 14.814814814814815, "percent_covered_display": "15", "missing_lines": 23, "excluded_lines": 0}, "missing_lines": [21, 23, 25, 26, 28, 29, 32, 33, 35, 36, 38, 39, 40, 41, 44, 45, 47, 48, 50, 51, 52, 53, 55], "excluded_lines": []}}}, "modules/cite_functions/functions.py": {"executed_lines": [1, 6, 7, 8, 9, 10, 12, 13, 15, 18, 21, 23, 25, 27, 30, 32, 33, 36, 43, 49, 67, 111, 151, 172, 216, 247, 265, 293, 320, 338, 356, 384, 403, 574, 590, 606, 675], "summary": {"covered_lines": 36, "num_statements": 394, "percent_covered": 9.137055837563452, "percent_covered_display": "9", "missing_lines": 358, "excluded_lines": 0}, "missing_lines": [24, 28, 37, 38, 40, 44, 45, 46, 51, 52, 53, 54, 55, 56, 57, 58, 59, 60, 62, 63, 64, 68, 70, 71, 72, 73, 74, 76, 78, 79, 81, 83, 85, 91, 95, 97, 112, 114, 115, 116, 118, 120, 122, 123, 125, 126, 129, 131, 132, 134, 135, 137, 152, 153, 154, 156, 157, 158, 160, 161, 162, 164, 167, 168, 169, 174, 175, 176, 178, 179, 180, 181, 183, 184, 187, 190, 191, 194, 195, 196, 197, 198, 200, 202, 221, 222, 223, 224, 225, 226, 229, 230, 233, 235, 237, 238, 239, 240, 241, 242, 243, 244, 249, 250, 251, 253, 254, 255, 256, 257, 258, 259, 260, 261, 262, 270, 271, 272, 273, 274, 275, 276, 277, 279, 280, 281, 282, 283, 284, 286, 287, 288, 289, 290, 298, 299, 300, 302, 303, 304, 305, 306, 307, 308, 309, 310, 311, 312, 313, 314, 315, 316, 317, 322, 323, 324, 325, 326, 327, 328, 329, 330, 331, 332, 333, 334, 335, 340, 341, 342, 343, 344, 345, 346, 347, 348, 349, 350, 351, 352, 353, 361, 362, 363, 364, 365, 366, 368, 369, 370, 371, 372, 373, 374, 375, 376, 377, 378, 379, 380, 381, 389, 390, 391, 392, 393, 394, 397, 398, 399, 400, 410, 411, 412, 413, 414, 415, 417, 419, 420, 422, 423, 429, 430, 431, 438, 439, 440, 442, 464, 480, 481, 485, 490, 502, 503, 504, 505, 506, 507, 508, 509, 510, 511, 512, 513, 515, 518, 519, 524, 527, 528, 529, 530, 531, 532, 533, 534, 535, 536, 537, 538, 539, 540, 541, 542, 543, 544, 545, 548, 549, 550, 552, 554, 555, 556, 557, 559, 565, 566, 567, 576, 577, 578, 579, 580, 581, 584, 585, 586, 587, 592, 593, 594, 595, 596, 597, 600, 601, 602, 603, 608, 609, 610, 611, 612, 613, 614, 616, 617, 618, 619, 625, 626, 627, 634, 635, 637, 638, 639, 640, 641, 643, 655, 661, 666, 667, 668, 677, 678, 679, 680, 681, 682, 683, 685, 686, 687, 688, 694, 695, 696, 703, 704, 705, 706, 709, 712, 713, 717, 718, 719, 721, 733, 739, 744, 745, 746], "excluded_lines": [], "functions": {"_extract_doi": {"executed_lines": [23, 25, 27, 30, 32, 33], "summary": {"covered_lines": 6, "num_statements": 8, "percent_covered": 75.0, "percent_covered_display": "75", "missing_lines": 2, "excluded_lines": 0}, "missing_lines": [24, 28], "excluded_lines": []}, "_normalize_title": {"executed_lines": [], "summary": {"covered_lines": 0, "num_statements": 3, "percent_covered": 0.0, "percent_covered_display": "0", "missing_lines": 3, "excluded_lines": 0}, "missing_lines": [37, 38, 40], "excluded_lines": []}, "_normalize_name": {"executed_lines": [], "summary": {"covered_lines": 0, "num_statements": 3, "percent_covered": 0.0, "percent_covered_display": "0", "missing_lines": 3, "excluded_lines": 0}, "missing_lines": [44, 45, 46], "excluded_lines": []}, "_map_document_type_openalex": {"executed_lines": [], "summary": {"covered_lines": 0, "num_statements": 13, "percent_covered": 0.0, "percent_covered_display": "0", "missing_lines": 13, "excluded_lines": 0}, "missing_lines": [51, 52, 53, 54, 55, 56, 57, 58, 59, 60, 62, 63, 64], "excluded_lines": []}, "_build_response_from_openalex": {"executed_lines": [], "summary": {"covered_lines": 0, "num_statements": 15, "percent_covered": 0.0, "percent_covered_display": "0", "missing_lines": 15, "excluded_lines": 0}, "missing_lines": [68, 70, 71, 72, 73, 74, 76, 78, 79, 81, 83, 85, 91, 95, 97], "excluded_lines": []}, "_build_response_from_semanticscholar": {"executed_lines": [], "summary": {"covered_lines": 0, "num_statements": 16, "percent_covered": 0.0, "percent_covered_display": "0", "missing_lines": 16, "excluded_lines": 0}, "missing_lines": [112, 114, 115, 116, 118, 120, 122, 123, 125, 126, 129, 131, 132, 134, 135, 137], "excluded_lines": []}, "_extract_arxiv_id": {"executed_lines": [], "summary": {"covered_lines": 0, "num_statements": 13, "percent_covered": 0.0, "percent_covered_display": "0", "missing_lines": 13, "excluded_lines": 0}, "missing_lines": [152, 153, 154, 156, 157, 158, 160, 161, 162, 164, 167, 168, 169], "excluded_lines": []}, "_build_response_from_arxiv": {"executed_lines": [], "summary": {"covered_lines": 0, "num_statements": 19, "percent_covered": 0.0, "percent_covered_display": "0", "missing_lines": 19, "excluded_lines": 0}, "missing_lines": [174, 175, 176, 178, 179, 180, 181, 183, 184, 187, 190, 191, 194, 195, 196, 197, 198, 200, 202], "excluded_lines": []}, "_query_arxiv": {"executed_lines": [], "summary": {"covered_lines": 0, "num_statements": 18, "percent_covered": 0.0, "percent_covered_display": "0", "missing_lines": 18, "excluded_lines": 0}, "missing_lines": [221, 222, 223, 224, 225, 226, 229, 230, 233, 235, 237, 238, 239, 240, 241, 242, 243, 244], "excluded_lines": []}, "_openalex_get_doi_from_openalex_id": {"executed_lines": [], "summary": {"covered_lines": 0, "num_statements": 13, "percent_covered": 0.0, "percent_covered_display": "0", "missing_lines": 13, "excluded_lines": 0}, "missing_lines": [249, 250, 251, 253, 254, 255, 256, 257, 258, 259, 260, 261, 262], "excluded_lines": []}, "_openalex_collect_referenced_dois": {"executed_lines": [], "summary": {"covered_lines": 0, "num_statements": 19, "percent_covered": 0.0, "percent_covered_display": "0", "missing_lines": 19, "excluded_lines": 0}, "missing_lines": [270, 271, 272, 273, 274, 275, 276, 277, 279, 280, 281, 282, 283, 284, 286, 287, 288, 289, 290], "excluded_lines": []}, "_openalex_collect_citing_dois": {"executed_lines": [], "summary": {"covered_lines": 0, "num_statements": 19, "percent_covered": 0.0, "percent_covered_display": "0", "missing_lines": 19, "excluded_lines": 0}, "missing_lines": [298, 299, 300, 302, 303, 304, 305, 306, 307, 308, 309, 310, 311, 312, 313, 314, 315, 316, 317], "excluded_lines": []}, "_semanticscholar_collect_references": {"executed_lines": [], "summary": {"covered_lines": 0, "num_statements": 14, "percent_covered": 0.0, "percent_covered_display": "0", "missing_lines": 14, "excluded_lines": 0}, "missing_lines": [322, 323, 324, 325, 326, 327, 328, 329, 330, 331, 332, 333, 334, 335], "excluded_lines": []}, "_semanticscholar_collect_citations": {"executed_lines": [], "summary": {"covered_lines": 0, "num_statements": 14, "percent_covered": 0.0, "percent_covered_display": "0", "missing_lines": 14, "excluded_lines": 0}, "missing_lines": [340, 341, 342, 343, 344, 345, 346, 347, 348, 349, 350, 351, 352, 353], "excluded_lines": []}, "_query_openalex": {"executed_lines": [], "summary": {"covered_lines": 0, "num_statements": 20, "percent_covered": 0.0, "percent_covered_display": "0", "missing_lines": 20, "excluded_lines": 0}, "missing_lines": [361, 362, 363, 364, 365, 366, 368, 369, 370, 371, 372, 373, 374, 375, 376, 377, 378, 379, 380, 381], "excluded_lines": []}, "_query_semanticscholar": {"executed_lines": [], "summary": {"covered_lines": 0, "num_statements": 10, "percent_covered": 0.0, "percent_covered_display": "0", "missing_lines": 10, "excluded_lines": 0}, "missing_lines": [389, 390, 391, 392, 393, 394, 397, 398, 399, 400], "excluded_lines": []}, "lookup_doi": {"executed_lines": [], "summary": {"covered_lines": 0, "num_statements": 59, "percent_covered": 0.0, "percent_covered_display": "0", "missing_lines": 59, "excluded_lines": 0}, "missing_lines": [410, 411, 412, 413, 414, 415, 417, 419, 420, 422, 423, 429, 430, 431, 438, 439, 440, 442, 464, 480, 481, 485, 490, 502, 515, 518, 519, 524, 527, 528, 529, 530, 531, 532, 533, 534, 535, 536, 537, 538, 539, 540, 541, 542, 543, 544, 545, 548, 549, 550, 552, 554, 555, 556, 557, 559, 565, 566, 567], "excluded_lines": []}, "lookup_doi.completeness_score": {"executed_lines": [], "summary": {"covered_lines": 0, "num_statements": 11, "percent_covered": 0.0, "percent_covered_display": "0", "missing_lines": 11, "excluded_lines": 0}, "missing_lines": [503, 504, 505, 506, 507, 508, 509, 510, 511, 512, 513], "excluded_lines": []}, "_query_semanticscholar_for_references": {"executed_lines": [], "summary": {"covered_lines": 0, "num_statements": 10, "percent_covered": 0.0, "percent_covered_display": "0", "missing_lines": 10, "excluded_lines": 0}, "missing_lines": [576, 577, 578, 579, 580, 581, 584, 585, 586, 587], "excluded_lines": []}, "_query_semanticscholar_for_citations": {"executed_lines": [], "summary": {"covered_lines": 0, "num_statements": 10, "percent_covered": 0.0, "percent_covered_display": "0", "missing_lines": 10, "excluded_lines": 0}, "missing_lines": [592, 593, 594, 595, 596, 597, 600, 601, 602, 603], "excluded_lines": []}, "get_references": {"executed_lines": [], "summary": {"covered_lines": 0, "num_statements": 27, "percent_covered": 0.0, "percent_covered_display": "0", "missing_lines": 27, "excluded_lines": 0}, "missing_lines": [608, 609, 610, 611, 612, 613, 614, 616, 617, 618, 619, 625, 626, 627, 634, 635, 637, 638, 639, 640, 641, 643, 655, 661, 666, 667, 668], "excluded_lines": []}, "get_referred_by": {"executed_lines": [], "summary": {"covered_lines": 0, "num_statements": 30, "percent_covered": 0.0, "percent_covered_display": "0", "missing_lines": 30, "excluded_lines": 0}, "missing_lines": [677, 678, 679, 680, 681, 682, 683, 685, 686, 687, 688, 694, 695, 696, 703, 704, 705, 706, 709, 712, 713, 717, 718, 719, 721, 733, 739, 744, 745, 746], "excluded_lines": []}, "": {"executed_lines": [1, 6, 7, 8, 9, 10, 12, 13, 15, 18, 21, 36, 43, 49, 67, 111, 151, 172, 216, 247, 265, 293, 320, 338, 356, 384, 403, 574, 590, 606, 675], "summary": {"covered_lines": 30, "num_statements": 30, "percent_covered": 100.0, "percent_covered_display": "100", "missing_lines": 0, "excluded_lines": 0}, "missing_lines": [], "excluded_lines": []}}, "classes": {"": {"executed_lines": [1, 6, 7, 8, 9, 10, 12, 13, 15, 18, 21, 23, 25, 27, 30, 32, 33, 36, 43, 49, 67, 111, 151, 172, 216, 247, 265, 293, 320, 338, 356, 384, 403, 574, 590, 606, 675], "summary": {"covered_lines": 36, "num_statements": 394, "percent_covered": 9.137055837563452, "percent_covered_display": "9", "missing_lines": 358, "excluded_lines": 0}, "missing_lines": [24, 28, 37, 38, 40, 44, 45, 46, 51, 52, 53, 54, 55, 56, 57, 58, 59, 60, 62, 63, 64, 68, 70, 71, 72, 73, 74, 76, 78, 79, 81, 83, 85, 91, 95, 97, 112, 114, 115, 116, 118, 120, 122, 123, 125, 126, 129, 131, 132, 134, 135, 137, 152, 153, 154, 156, 157, 158, 160, 161, 162, 164, 167, 168, 169, 174, 175, 176, 178, 179, 180, 181, 183, 184, 187, 190, 191, 194, 195, 196, 197, 198, 200, 202, 221, 222, 223, 224, 225, 226, 229, 230, 233, 235, 237, 238, 239, 240, 241, 242, 243, 244, 249, 250, 251, 253, 254, 255, 256, 257, 258, 259, 260, 261, 262, 270, 271, 272, 273, 274, 275, 276, 277, 279, 280, 281, 282, 283, 284, 286, 287, 288, 289, 290, 298, 299, 300, 302, 303, 304, 305, 306, 307, 308, 309, 310, 311, 312, 313, 314, 315, 316, 317, 322, 323, 324, 325, 326, 327, 328, 329, 330, 331, 332, 333, 334, 335, 340, 341, 342, 343, 344, 345, 346, 347, 348, 349, 350, 351, 352, 353, 361, 362, 363, 364, 365, 366, 368, 369, 370, 371, 372, 373, 374, 375, 376, 377, 378, 379, 380, 381, 389, 390, 391, 392, 393, 394, 397, 398, 399, 400, 410, 411, 412, 413, 414, 415, 417, 419, 420, 422, 423, 429, 430, 431, 438, 439, 440, 442, 464, 480, 481, 485, 490, 502, 503, 504, 505, 506, 507, 508, 509, 510, 511, 512, 513, 515, 518, 519, 524, 527, 528, 529, 530, 531, 532, 533, 534, 535, 536, 537, 538, 539, 540, 541, 542, 543, 544, 545, 548, 549, 550, 552, 554, 555, 556, 557, 559, 565, 566, 567, 576, 577, 578, 579, 580, 581, 584, 585, 586, 587, 592, 593, 594, 595, 596, 597, 600, 601, 602, 603, 608, 609, 610, 611, 612, 613, 614, 616, 617, 618, 619, 625, 626, 627, 634, 635, 637, 638, 639, 640, 641, 643, 655, 661, 666, 667, 668, 677, 678, 679, 680, 681, 682, 683, 685, 686, 687, 688, 694, 695, 696, 703, 704, 705, 706, 709, 712, 713, 717, 718, 719, 721, 733, 739, 744, 745, 746], "excluded_lines": []}}}, "modules/communityDetection/__init__.py": {"executed_lines": [1, 2, 3, 4, 5, 7, 10], "summary": {"covered_lines": 7, "num_statements": 20, "percent_covered": 35.0, "percent_covered_display": "35", "missing_lines": 13, "excluded_lines": 0}, "missing_lines": [15, 17, 18, 19, 20, 21, 22, 23, 24, 25, 26, 28, 29], "excluded_lines": [], "functions": {"register_routes": {"executed_lines": [], "summary": {"covered_lines": 0, "num_statements": 5, "percent_covered": 0.0, "percent_covered_display": "0", "missing_lines": 5, "excluded_lines": 0}, "missing_lines": [15, 17, 18, 28, 29], "excluded_lines": []}, "register_routes.route_detect_communities": {"executed_lines": [], "summary": {"covered_lines": 0, "num_statements": 8, "percent_covered": 0.0, "percent_covered_display": "0", "missing_lines": 8, "excluded_lines": 0}, "missing_lines": [19, 20, 21, 22, 23, 24, 25, 26], "excluded_lines": []}, "": {"executed_lines": [1, 2, 3, 4, 5, 7, 10], "summary": {"covered_lines": 7, "num_statements": 7, "percent_covered": 100.0, "percent_covered_display": "100", "missing_lines": 0, "excluded_lines": 0}, "missing_lines": [], "excluded_lines": []}}, "classes": {"": {"executed_lines": [1, 2, 3, 4, 5, 7, 10], "summary": {"covered_lines": 7, "num_statements": 20, "percent_covered": 35.0, "percent_covered_display": "35", "missing_lines": 13, "excluded_lines": 0}, "missing_lines": [15, 17, 18, 19, 20, 21, 22, 23, 24, 25, 26, 28, 29], "excluded_lines": []}}}, "modules/communityDetection/functions.py": {"executed_lines": [1, 2, 3, 4, 5, 7, 10, 12, 13, 14, 15, 16, 17, 18, 19, 20, 21, 23, 24, 27, 29, 30, 31, 32, 33, 34, 35, 36, 37, 38, 39, 40, 41, 46, 47, 48, 50, 51, 52, 53, 54, 55, 56, 57, 59, 60, 61, 62, 63, 64, 67, 75, 76, 77, 78, 79, 81, 83, 84, 87, 88, 89, 90, 91, 94, 95, 97, 98, 99, 100, 101, 102, 104, 105, 108, 109, 110, 113, 114, 117, 118, 119, 120, 121, 122, 123, 124, 125, 126, 127, 130, 131, 132, 133, 136, 137, 138, 139, 140, 142, 144], "summary": {"covered_lines": 101, "num_statements": 107, "percent_covered": 94.39252336448598, "percent_covered_display": "94", "missing_lines": 6, "excluded_lines": 0}, "missing_lines": [42, 43, 146, 147, 148, 149], "excluded_lines": [], "functions": {"_to_float_list": {"executed_lines": [12, 13, 14, 15, 16, 17, 18, 19, 20, 21, 23, 24], "summary": {"covered_lines": 12, "num_statements": 12, "percent_covered": 100.0, "percent_covered_display": "100", "missing_lines": 0, "excluded_lines": 0}, "missing_lines": [], "excluded_lines": []}, "_cosine_similarity": {"executed_lines": [29, 30, 31, 32, 33, 34, 35, 36, 37, 38, 39, 40, 41], "summary": {"covered_lines": 13, "num_statements": 15, "percent_covered": 86.66666666666667, "percent_covered_display": "87", "missing_lines": 2, "excluded_lines": 0}, "missing_lines": [42, 43], "excluded_lines": []}, "UnionFind.__init__": {"executed_lines": [48], "summary": {"covered_lines": 1, "num_statements": 1, "percent_covered": 100.0, "percent_covered_display": "100", "missing_lines": 0, "excluded_lines": 0}, "missing_lines": [], "excluded_lines": []}, "UnionFind.find": {"executed_lines": [51, 52, 53, 54, 55, 56, 57], "summary": {"covered_lines": 7, "num_statements": 7, "percent_covered": 100.0, "percent_covered_display": "100", "missing_lines": 0, "excluded_lines": 0}, "missing_lines": [], "excluded_lines": []}, "UnionFind.union": {"executed_lines": [60, 61, 62, 63, 64], "summary": {"covered_lines": 5, "num_statements": 5, "percent_covered": 100.0, "percent_covered_display": "100", "missing_lines": 0, "excluded_lines": 0}, "missing_lines": [], "excluded_lines": []}, "detectCommunities": {"executed_lines": [75, 76, 77, 78, 79, 81, 83, 84, 87, 88, 89, 90, 91, 94, 95, 97, 98, 99, 100, 101, 102, 104, 105, 108, 109, 110, 113, 114, 117, 118, 119, 120, 121, 122, 123, 124, 125, 126, 127, 130, 131, 132, 133, 136, 137, 138, 139, 140, 142, 144], "summary": {"covered_lines": 50, "num_statements": 54, "percent_covered": 92.5925925925926, "percent_covered_display": "93", "missing_lines": 4, "excluded_lines": 0}, "missing_lines": [146, 147, 148, 149], "excluded_lines": []}, "": {"executed_lines": [1, 2, 3, 4, 5, 7, 10, 27, 46, 47, 50, 59, 67], "summary": {"covered_lines": 13, "num_statements": 13, "percent_covered": 100.0, "percent_covered_display": "100", "missing_lines": 0, "excluded_lines": 0}, "missing_lines": [], "excluded_lines": []}}, "classes": {"UnionFind": {"executed_lines": [48, 51, 52, 53, 54, 55, 56, 57, 60, 61, 62, 63, 64], "summary": {"covered_lines": 13, "num_statements": 13, "percent_covered": 100.0, "percent_covered_display": "100", "missing_lines": 0, "excluded_lines": 0}, "missing_lines": [], "excluded_lines": []}, "": {"executed_lines": [1, 2, 3, 4, 5, 7, 10, 12, 13, 14, 15, 16, 17, 18, 19, 20, 21, 23, 24, 27, 29, 30, 31, 32, 33, 34, 35, 36, 37, 38, 39, 40, 41, 46, 47, 50, 59, 67, 75, 76, 77, 78, 79, 81, 83, 84, 87, 88, 89, 90, 91, 94, 95, 97, 98, 99, 100, 101, 102, 104, 105, 108, 109, 110, 113, 114, 117, 118, 119, 120, 121, 122, 123, 124, 125, 126, 127, 130, 131, 132, 133, 136, 137, 138, 139, 140, 142, 144], "summary": {"covered_lines": 88, "num_statements": 94, "percent_covered": 93.61702127659575, "percent_covered_display": "94", "missing_lines": 6, "excluded_lines": 0}, "missing_lines": [42, 43, 146, 147, 148, 149], "excluded_lines": []}}}, "modules/process_functions/__init__.py": {"executed_lines": [1, 6, 7, 8, 9, 12, 14, 17, 61, 62, 63, 65, 67, 75, 82, 83, 86, 88, 91], "summary": {"covered_lines": 18, "num_statements": 60, "percent_covered": 30.0, "percent_covered_display": "30", "missing_lines": 42, "excluded_lines": 0}, "missing_lines": [26, 28, 29, 30, 31, 32, 33, 34, 35, 36, 37, 38, 39, 40, 41, 43, 44, 45, 46, 47, 48, 49, 50, 51, 52, 53, 54, 55, 56, 58, 74, 98, 100, 101, 102, 103, 105, 106, 107, 108, 110, 116], "excluded_lines": [], "functions": {"register_routes": {"executed_lines": [], "summary": {"covered_lines": 0, "num_statements": 7, "percent_covered": 0.0, "percent_covered_display": "0", "missing_lines": 7, "excluded_lines": 0}, "missing_lines": [98, 100, 101, 105, 106, 110, 116], "excluded_lines": []}, "register_routes.get_references": {"executed_lines": [], "summary": {"covered_lines": 0, "num_statements": 2, "percent_covered": 0.0, "percent_covered_display": "0", "missing_lines": 2, "excluded_lines": 0}, "missing_lines": [102, 103], "excluded_lines": []}, "register_routes.get_citating": {"executed_lines": [], "summary": {"covered_lines": 0, "num_statements": 2, "percent_covered": 0.0, "percent_covered_display": "0", "missing_lines": 2, "excluded_lines": 0}, "missing_lines": [107, 108], "excluded_lines": []}, "": {"executed_lines": [1, 6, 7, 8, 9, 12, 14, 17, 61, 62, 63, 65, 67, 75, 82, 83, 86, 88, 91], "summary": {"covered_lines": 18, "num_statements": 18, "percent_covered": 100.0, "percent_covered_display": "100", "missing_lines": 0, "excluded_lines": 0}, "missing_lines": [], "excluded_lines": []}}, "classes": {"": {"executed_lines": [1, 6, 7, 8, 9, 12, 14, 17, 61, 62, 63, 65, 67, 75, 82, 83, 86, 88, 91], "summary": {"covered_lines": 18, "num_statements": 60, "percent_covered": 30.0, "percent_covered_display": "30", "missing_lines": 42, "excluded_lines": 0}, "missing_lines": [26, 28, 29, 30, 31, 32, 33, 34, 35, 36, 37, 38, 39, 40, 41, 43, 44, 45, 46, 47, 48, 49, 50, 51, 52, 53, 54, 55, 56, 58, 74, 98, 100, 101, 102, 103, 105, 106, 107, 108, 110, 116], "excluded_lines": []}}}, "modules/process_functions/functions.py": {"executed_lines": [1, 22, 23, 24, 25, 26, 27, 28, 29, 30, 31, 32, 36, 37, 38, 39, 40, 41, 46, 49, 50, 51, 53, 57, 62, 63, 64, 66, 70, 75, 76, 79, 82, 88, 94, 95, 96, 97, 98, 99, 100, 101, 104, 112, 113, 114, 116, 117, 118, 120, 122, 124, 127, 147, 177, 197, 433, 454, 460, 461, 462, 463, 464, 469, 470, 474, 475, 476, 477, 479, 482, 483, 486, 487, 491, 492, 493, 494, 495, 496, 498, 499, 500, 629, 631, 632, 633, 634, 635, 636, 640, 642, 645, 647], "summary": {"covered_lines": 93, "num_statements": 360, "percent_covered": 25.833333333333332, "percent_covered_display": "26", "missing_lines": 267, "excluded_lines": 0}, "missing_lines": [42, 44, 55, 59, 68, 71, 133, 134, 135, 136, 137, 138, 139, 140, 141, 143, 144, 154, 155, 156, 157, 158, 159, 160, 161, 162, 163, 164, 166, 167, 168, 169, 170, 171, 172, 173, 174, 180, 181, 182, 183, 184, 185, 188, 189, 190, 191, 192, 193, 194, 208, 209, 212, 213, 214, 215, 217, 218, 219, 221, 222, 224, 227, 228, 229, 233, 235, 236, 239, 240, 243, 244, 247, 252, 253, 255, 257, 260, 262, 263, 264, 265, 268, 269, 270, 271, 273, 274, 275, 276, 278, 280, 282, 283, 284, 285, 286, 288, 291, 292, 293, 294, 295, 296, 297, 299, 301, 302, 303, 304, 306, 307, 308, 309, 310, 312, 313, 314, 324, 325, 326, 327, 328, 329, 332, 334, 335, 336, 337, 338, 339, 340, 346, 347, 348, 350, 351, 355, 356, 357, 358, 359, 362, 364, 367, 368, 369, 372, 373, 374, 377, 380, 381, 382, 384, 385, 386, 387, 390, 391, 392, 395, 397, 400, 401, 402, 403, 404, 405, 406, 408, 409, 410, 411, 412, 415, 416, 417, 418, 420, 421, 422, 423, 424, 425, 426, 427, 428, 429, 430, 439, 440, 441, 442, 443, 444, 445, 446, 447, 448, 449, 450, 451, 466, 471, 472, 484, 485, 488, 489, 502, 503, 504, 505, 507, 508, 510, 511, 512, 513, 515, 517, 518, 520, 529, 530, 532, 533, 534, 536, 538, 539, 540, 549, 550, 552, 553, 559, 560, 561, 564, 569, 572, 575, 576, 577, 578, 579, 580, 581, 582, 583, 584, 585, 586, 589, 590, 592, 593, 602, 603, 610, 611, 612, 620, 621, 637], "excluded_lines": [], "functions": {"RedisClientPlaceholder.__init__": {"executed_lines": [51], "summary": {"covered_lines": 1, "num_statements": 1, "percent_covered": 100.0, "percent_covered_display": "100", "missing_lines": 0, "excluded_lines": 0}, "missing_lines": [], "excluded_lines": []}, "RedisClientPlaceholder.get": {"executed_lines": [], "summary": {"covered_lines": 0, "num_statements": 1, "percent_covered": 0.0, "percent_covered_display": "0", "missing_lines": 1, "excluded_lines": 0}, "missing_lines": [55], "excluded_lines": []}, "RedisClientPlaceholder.set": {"executed_lines": [], "summary": {"covered_lines": 0, "num_statements": 1, "percent_covered": 0.0, "percent_covered_display": "0", "missing_lines": 1, "excluded_lines": 0}, "missing_lines": [59], "excluded_lines": []}, "CosmosClientPlaceholder.__init__": {"executed_lines": [64], "summary": {"covered_lines": 1, "num_statements": 1, "percent_covered": 100.0, "percent_covered_display": "100", "missing_lines": 0, "excluded_lines": 0}, "missing_lines": [], "excluded_lines": []}, "CosmosClientPlaceholder.get_document": {"executed_lines": [], "summary": {"covered_lines": 0, "num_statements": 1, "percent_covered": 0.0, "percent_covered_display": "0", "missing_lines": 1, "excluded_lines": 0}, "missing_lines": [68], "excluded_lines": []}, "CosmosClientPlaceholder.upsert_document": {"executed_lines": [], "summary": {"covered_lines": 0, "num_statements": 1, "percent_covered": 0.0, "percent_covered_display": "0", "missing_lines": 1, "excluded_lines": 0}, "missing_lines": [71], "excluded_lines": []}, "_extract_doi_id": {"executed_lines": [112, 113, 114, 116, 117, 118, 120, 122, 124], "summary": {"covered_lines": 9, "num_statements": 9, "percent_covered": 100.0, "percent_covered_display": "100", "missing_lines": 0, "excluded_lines": 0}, "missing_lines": [], "excluded_lines": []}, "_trigger_durable_for_doi": {"executed_lines": [], "summary": {"covered_lines": 0, "num_statements": 11, "percent_covered": 0.0, "percent_covered_display": "0", "missing_lines": 11, "excluded_lines": 0}, "missing_lines": [133, 134, 135, 136, 137, 138, 139, 140, 141, 143, 144], "excluded_lines": []}, "_upstash_get": {"executed_lines": [], "summary": {"covered_lines": 0, "num_statements": 20, "percent_covered": 0.0, "percent_covered_display": "0", "missing_lines": 20, "excluded_lines": 0}, "missing_lines": [154, 155, 156, 157, 158, 159, 160, 161, 162, 163, 164, 166, 167, 168, 169, 170, 171, 172, 173, 174], "excluded_lines": []}, "_get_redis_like_value": {"executed_lines": [], "summary": {"covered_lines": 0, "num_statements": 13, "percent_covered": 0.0, "percent_covered_display": "0", "missing_lines": 13, "excluded_lines": 0}, "missing_lines": [180, 181, 182, 183, 184, 185, 188, 189, 190, 191, 192, 193, 194], "excluded_lines": []}, "_data_formatter": {"executed_lines": [], "summary": {"covered_lines": 0, "num_statements": 81, "percent_covered": 0.0, "percent_covered_display": "0", "missing_lines": 81, "excluded_lines": 0}, "missing_lines": [208, 209, 212, 213, 214, 215, 217, 218, 219, 221, 222, 224, 227, 228, 229, 233, 235, 236, 239, 240, 243, 244, 247, 280, 282, 283, 284, 285, 286, 288, 291, 292, 293, 294, 295, 296, 297, 299, 301, 302, 303, 304, 306, 307, 308, 309, 310, 312, 313, 314, 324, 332, 334, 346, 400, 401, 402, 403, 404, 405, 406, 408, 409, 410, 411, 412, 415, 416, 417, 418, 420, 421, 422, 423, 424, 425, 426, 427, 428, 429, 430], "excluded_lines": []}, "_data_formatter._prune_item_children": {"executed_lines": [], "summary": {"covered_lines": 0, "num_statements": 18, "percent_covered": 0.0, "percent_covered_display": "0", "missing_lines": 18, "excluded_lines": 0}, "missing_lines": [252, 253, 255, 257, 260, 262, 263, 264, 265, 268, 269, 270, 271, 273, 274, 275, 276, 278], "excluded_lines": []}, "_data_formatter._score_of": {"executed_lines": [], "summary": {"covered_lines": 0, "num_statements": 5, "percent_covered": 0.0, "percent_covered_display": "0", "missing_lines": 5, "excluded_lines": 0}, "missing_lines": [325, 326, 327, 328, 329], "excluded_lines": []}, "_data_formatter._find_child_key": {"executed_lines": [], "summary": {"covered_lines": 0, "num_statements": 6, "percent_covered": 0.0, "percent_covered_display": "0", "missing_lines": 6, "excluded_lines": 0}, "missing_lines": [335, 336, 337, 338, 339, 340], "excluded_lines": []}, "_data_formatter._allocate_for_item": {"executed_lines": [], "summary": {"covered_lines": 0, "num_statements": 30, "percent_covered": 0.0, "percent_covered_display": "0", "missing_lines": 30, "excluded_lines": 0}, "missing_lines": [347, 348, 350, 351, 355, 356, 357, 358, 359, 362, 364, 367, 368, 369, 372, 373, 374, 377, 380, 381, 382, 384, 385, 386, 387, 390, 391, 392, 395, 397], "excluded_lines": []}, "_has_computed_flag": {"executed_lines": [], "summary": {"covered_lines": 0, "num_statements": 13, "percent_covered": 0.0, "percent_covered_display": "0", "missing_lines": 13, "excluded_lines": 0}, "missing_lines": [439, 440, 441, 442, 443, 444, 445, 446, 447, 448, 449, 450, 451], "excluded_lines": []}, "_handle_get_papers": {"executed_lines": [460, 461, 462, 463, 464, 469, 470, 474, 475, 476, 477, 479, 482, 483, 486, 487, 491, 492, 493, 494, 495, 496, 498, 499, 500, 629, 631, 632, 633, 634, 635, 636], "summary": {"covered_lines": 32, "num_statements": 96, "percent_covered": 33.333333333333336, "percent_covered_display": "33", "missing_lines": 64, "excluded_lines": 0}, "missing_lines": [466, 471, 472, 484, 485, 488, 489, 502, 503, 504, 505, 507, 508, 510, 511, 512, 513, 515, 517, 518, 520, 529, 530, 532, 533, 534, 536, 538, 539, 540, 549, 550, 552, 553, 559, 560, 561, 564, 569, 572, 575, 576, 577, 578, 579, 580, 581, 582, 583, 584, 585, 586, 589, 590, 592, 593, 602, 603, 610, 611, 612, 620, 621, 637], "excluded_lines": []}, "getReferences": {"executed_lines": [642], "summary": {"covered_lines": 1, "num_statements": 1, "percent_covered": 100.0, "percent_covered_display": "100", "missing_lines": 0, "excluded_lines": 0}, "missing_lines": [], "excluded_lines": []}, "getCitating": {"executed_lines": [647], "summary": {"covered_lines": 1, "num_statements": 1, "percent_covered": 100.0, "percent_covered_display": "100", "missing_lines": 0, "excluded_lines": 0}, "missing_lines": [], "excluded_lines": []}, "": {"executed_lines": [1, 22, 23, 24, 25, 26, 27, 28, 29, 30, 31, 32, 36, 37, 38, 39, 40, 41, 46, 49, 50, 53, 57, 62, 63, 66, 70, 75, 76, 79, 82, 88, 94, 95, 96, 97, 98, 99, 100, 101, 104, 127, 147, 177, 197, 433, 454, 640, 645], "summary": {"covered_lines": 48, "num_statements": 50, "percent_covered": 96.0, "percent_covered_display": "96", "missing_lines": 2, "excluded_lines": 0}, "missing_lines": [42, 44], "excluded_lines": []}}, "classes": {"RedisClientPlaceholder": {"executed_lines": [51], "summary": {"covered_lines": 1, "num_statements": 3, "percent_covered": 33.333333333333336, "percent_covered_display": "33", "missing_lines": 2, "excluded_lines": 0}, "missing_lines": [55, 59], "excluded_lines": []}, "CosmosClientPlaceholder": {"executed_lines": [64], "summary": {"covered_lines": 1, "num_statements": 3, "percent_covered": 33.333333333333336, "percent_covered_display": "33", "missing_lines": 2, "excluded_lines": 0}, "missing_lines": [68, 71], "excluded_lines": []}, "": {"executed_lines": [1, 22, 23, 24, 25, 26, 27, 28, 29, 30, 31, 32, 36, 37, 38, 39, 40, 41, 46, 49, 50, 53, 57, 62, 63, 66, 70, 75, 76, 79, 82, 88, 94, 95, 96, 97, 98, 99, 100, 101, 104, 112, 113, 114, 116, 117, 118, 120, 122, 124, 127, 147, 177, 197, 433, 454, 460, 461, 462, 463, 464, 469, 470, 474, 475, 476, 477, 479, 482, 483, 486, 487, 491, 492, 493, 494, 495, 496, 498, 499, 500, 629, 631, 632, 633, 634, 635, 636, 640, 642, 645, 647], "summary": {"covered_lines": 91, "num_statements": 354, "percent_covered": 25.706214689265536, "percent_covered_display": "26", "missing_lines": 263, "excluded_lines": 0}, "missing_lines": [42, 44, 133, 134, 135, 136, 137, 138, 139, 140, 141, 143, 144, 154, 155, 156, 157, 158, 159, 160, 161, 162, 163, 164, 166, 167, 168, 169, 170, 171, 172, 173, 174, 180, 181, 182, 183, 184, 185, 188, 189, 190, 191, 192, 193, 194, 208, 209, 212, 213, 214, 215, 217, 218, 219, 221, 222, 224, 227, 228, 229, 233, 235, 236, 239, 240, 243, 244, 247, 252, 253, 255, 257, 260, 262, 263, 264, 265, 268, 269, 270, 271, 273, 274, 275, 276, 278, 280, 282, 283, 284, 285, 286, 288, 291, 292, 293, 294, 295, 296, 297, 299, 301, 302, 303, 304, 306, 307, 308, 309, 310, 312, 313, 314, 324, 325, 326, 327, 328, 329, 332, 334, 335, 336, 337, 338, 339, 340, 346, 347, 348, 350, 351, 355, 356, 357, 358, 359, 362, 364, 367, 368, 369, 372, 373, 374, 377, 380, 381, 382, 384, 385, 386, 387, 390, 391, 392, 395, 397, 400, 401, 402, 403, 404, 405, 406, 408, 409, 410, 411, 412, 415, 416, 417, 418, 420, 421, 422, 423, 424, 425, 426, 427, 428, 429, 430, 439, 440, 441, 442, 443, 444, 445, 446, 447, 448, 449, 450, 451, 466, 471, 472, 484, 485, 488, 489, 502, 503, 504, 505, 507, 508, 510, 511, 512, 513, 515, 517, 518, 520, 529, 530, 532, 533, 534, 536, 538, 539, 540, 549, 550, 552, 553, 559, 560, 561, 564, 569, 572, 575, 576, 577, 578, 579, 580, 581, 582, 583, 584, 585, 586, 589, 590, 592, 593, 602, 603, 610, 611, 612, 620, 621, 637], "excluded_lines": []}}}, "modules/relevant_functions/__init__.py": {"executed_lines": [1, 2, 3, 4, 5, 7, 10], "summary": {"covered_lines": 7, "num_statements": 20, "percent_covered": 35.0, "percent_covered_display": "35", "missing_lines": 13, "excluded_lines": 0}, "missing_lines": [15, 17, 18, 19, 20, 21, 22, 23, 24, 25, 26, 28, 29], "excluded_lines": [], "functions": {"register_routes": {"executed_lines": [], "summary": {"covered_lines": 0, "num_statements": 5, "percent_covered": 0.0, "percent_covered_display": "0", "missing_lines": 5, "excluded_lines": 0}, "missing_lines": [15, 17, 18, 28, 29], "excluded_lines": []}, "register_routes.route_get_relevant_works": {"executed_lines": [], "summary": {"covered_lines": 0, "num_statements": 8, "percent_covered": 0.0, "percent_covered_display": "0", "missing_lines": 8, "excluded_lines": 0}, "missing_lines": [19, 20, 21, 22, 23, 24, 25, 26], "excluded_lines": []}, "": {"executed_lines": [1, 2, 3, 4, 5, 7, 10], "summary": {"covered_lines": 7, "num_statements": 7, "percent_covered": 100.0, "percent_covered_display": "100", "missing_lines": 0, "excluded_lines": 0}, "missing_lines": [], "excluded_lines": []}}, "classes": {"": {"executed_lines": [1, 2, 3, 4, 5, 7, 10], "summary": {"covered_lines": 7, "num_statements": 20, "percent_covered": 35.0, "percent_covered_display": "35", "missing_lines": 13, "excluded_lines": 0}, "missing_lines": [15, 17, 18, 19, 20, 21, 22, 23, 24, 25, 26, 28, 29], "excluded_lines": []}}}, "modules/relevant_functions/functions.py": {"executed_lines": [1, 18, 19, 20, 21, 22, 23, 24, 25, 27, 31, 32, 33, 34, 41, 42, 43, 44, 46, 47, 48, 51, 52, 53, 56, 100, 107, 120, 122, 123, 125, 129, 130, 132, 133, 134, 135, 137, 138, 145, 146, 147, 148, 153, 154, 155, 156, 157, 158, 160, 161, 166, 172, 173, 174, 181, 182, 185, 190, 191, 195, 201, 207, 208, 209, 218, 219, 222, 223, 227, 229, 230, 231, 232, 236, 263, 337, 350, 351, 352, 353, 354, 356, 357, 452, 463, 464, 465, 466, 467, 469, 470, 534, 542, 545, 546, 547, 552, 553, 554, 555, 556, 557, 559, 562, 563, 566, 567, 568, 574, 575, 576, 582, 585, 586, 587, 588, 589, 590, 591, 593, 594, 595, 596, 597, 598, 600, 601, 603, 604, 605, 608, 612, 613, 614, 615, 617, 618, 619, 620, 625, 626, 627, 629, 630, 631, 632, 634, 636, 649, 651, 652, 653, 654, 655, 658, 659, 660, 661, 662, 665, 670], "summary": {"covered_lines": 161, "num_statements": 412, "percent_covered": 39.077669902912625, "percent_covered_display": "39", "missing_lines": 251, "excluded_lines": 0}, "missing_lines": [35, 36, 37, 38, 49, 50, 58, 70, 71, 72, 73, 74, 75, 76, 77, 78, 79, 80, 81, 82, 84, 85, 86, 87, 88, 89, 90, 91, 93, 94, 95, 96, 97, 124, 126, 139, 140, 162, 163, 164, 175, 176, 183, 192, 193, 194, 210, 211, 212, 213, 220, 224, 225, 238, 239, 241, 242, 243, 244, 245, 246, 247, 248, 249, 250, 251, 252, 253, 254, 255, 256, 257, 258, 260, 269, 270, 271, 273, 275, 276, 277, 278, 280, 282, 284, 285, 286, 287, 289, 291, 293, 294, 295, 298, 299, 300, 301, 302, 303, 304, 305, 306, 307, 308, 309, 312, 313, 314, 315, 316, 317, 319, 320, 322, 323, 324, 325, 326, 328, 329, 330, 331, 333, 334, 359, 361, 368, 375, 376, 377, 378, 379, 380, 382, 383, 384, 385, 386, 387, 388, 389, 391, 392, 393, 394, 395, 398, 400, 401, 404, 405, 406, 407, 408, 409, 410, 411, 413, 414, 415, 416, 419, 420, 421, 422, 425, 426, 427, 428, 429, 430, 431, 432, 433, 434, 435, 436, 437, 438, 440, 441, 442, 443, 444, 445, 446, 447, 448, 449, 472, 474, 481, 482, 483, 484, 485, 486, 487, 489, 490, 492, 493, 494, 495, 496, 497, 499, 500, 501, 502, 503, 504, 505, 506, 508, 509, 510, 511, 512, 515, 516, 517, 519, 520, 522, 523, 524, 525, 526, 527, 528, 531, 543, 548, 549, 569, 570, 572, 577, 578, 580, 621, 622, 663, 666, 667, 668, 672, 673, 674, 675], "excluded_lines": [], "functions": {"_extract_doi_id": {"executed_lines": [42, 43, 44, 46, 47, 48, 51, 52, 53], "summary": {"covered_lines": 9, "num_statements": 11, "percent_covered": 81.81818181818181, "percent_covered_display": "82", "missing_lines": 2, "excluded_lines": 0}, "missing_lines": [49, 50], "excluded_lines": []}, "_fetch_metadata_crossref": {"executed_lines": [], "summary": {"covered_lines": 0, "num_statements": 27, "percent_covered": 0.0, "percent_covered_display": "0", "missing_lines": 27, "excluded_lines": 0}, "missing_lines": [58, 70, 71, 72, 73, 74, 75, 76, 77, 78, 79, 80, 81, 82, 84, 85, 86, 87, 88, 89, 90, 91, 93, 94, 95, 96, 97], "excluded_lines": []}, "_fetch_metadata_openalex": {"executed_lines": [107, 120, 122, 123, 125, 129, 130, 132, 133, 134, 135, 137, 138, 145, 146, 147, 148, 153, 154, 155, 156, 157, 158, 160, 161, 166, 172, 173, 174, 181, 182, 185, 190, 191, 195, 201, 207, 208, 209, 218, 219, 222, 223, 227, 229, 230, 231, 232], "summary": {"covered_lines": 48, "num_statements": 68, "percent_covered": 70.58823529411765, "percent_covered_display": "71", "missing_lines": 20, "excluded_lines": 0}, "missing_lines": [124, 126, 139, 140, 162, 163, 164, 175, 176, 183, 192, 193, 194, 210, 211, 212, 213, 220, 224, 225], "excluded_lines": []}, "_convert_inverted_index_to_text": {"executed_lines": [], "summary": {"covered_lines": 0, "num_statements": 21, "percent_covered": 0.0, "percent_covered_display": "0", "missing_lines": 21, "excluded_lines": 0}, "missing_lines": [238, 239, 241, 242, 243, 244, 245, 246, 247, 248, 249, 250, 251, 252, 253, 254, 255, 256, 257, 258, 260], "excluded_lines": []}, "_normalize_metadata_fields": {"executed_lines": [], "summary": {"covered_lines": 0, "num_statements": 50, "percent_covered": 0.0, "percent_covered_display": "0", "missing_lines": 50, "excluded_lines": 0}, "missing_lines": [269, 270, 271, 273, 275, 276, 277, 278, 280, 282, 284, 285, 286, 287, 289, 291, 293, 294, 295, 298, 299, 300, 301, 302, 303, 304, 305, 306, 307, 308, 309, 312, 313, 314, 315, 316, 317, 319, 320, 322, 323, 324, 325, 326, 328, 329, 330, 331, 333, 334], "excluded_lines": []}, "_query_pinecone_rest_by_text": {"executed_lines": [350, 351, 352, 353, 354, 356, 357], "summary": {"covered_lines": 7, "num_statements": 59, "percent_covered": 11.864406779661017, "percent_covered_display": "12", "missing_lines": 52, "excluded_lines": 0}, "missing_lines": [359, 361, 368, 375, 376, 377, 378, 379, 380, 382, 383, 384, 385, 386, 387, 388, 389, 391, 392, 393, 394, 395, 398, 400, 401, 404, 405, 406, 407, 408, 409, 410, 411, 413, 414, 415, 416, 419, 420, 421, 422, 425, 440, 441, 442, 443, 444, 445, 446, 447, 448, 449], "excluded_lines": []}, "_query_pinecone_rest_by_text._find_hits": {"executed_lines": [], "summary": {"covered_lines": 0, "num_statements": 13, "percent_covered": 0.0, "percent_covered_display": "0", "missing_lines": 13, "excluded_lines": 0}, "missing_lines": [426, 427, 428, 429, 430, 431, 432, 433, 434, 435, 436, 437, 438], "excluded_lines": []}, "getVectorById": {"executed_lines": [463, 464, 465, 466, 467, 469, 470], "summary": {"covered_lines": 7, "num_statements": 50, "percent_covered": 14.0, "percent_covered_display": "14", "missing_lines": 43, "excluded_lines": 0}, "missing_lines": [472, 474, 481, 482, 483, 484, 485, 486, 487, 489, 490, 492, 493, 494, 495, 496, 497, 499, 500, 501, 502, 503, 504, 505, 506, 508, 509, 510, 511, 512, 515, 516, 517, 519, 520, 522, 523, 524, 525, 526, 527, 528, 531], "excluded_lines": []}, "mapVectorsToReferred": {"executed_lines": [542, 545, 546, 547, 552, 553, 554, 555, 556, 557, 559, 562, 563, 566, 567, 568, 574, 575, 576, 582], "summary": {"covered_lines": 20, "num_statements": 29, "percent_covered": 68.96551724137932, "percent_covered_display": "69", "missing_lines": 9, "excluded_lines": 0}, "missing_lines": [543, 548, 549, 569, 570, 572, 577, 578, 580], "excluded_lines": []}, "getRelevantWorks": {"executed_lines": [586, 587, 588, 589, 590, 591, 593, 594, 595, 596, 597, 598, 600, 601, 603, 604, 605, 608, 612, 613, 614, 615, 617, 618, 619, 620, 625, 626, 627, 629, 630, 631, 632, 634, 636, 649, 651, 652, 653, 654, 655, 658, 659, 660, 661, 662, 665, 670], "summary": {"covered_lines": 48, "num_statements": 58, "percent_covered": 82.75862068965517, "percent_covered_display": "83", "missing_lines": 10, "excluded_lines": 0}, "missing_lines": [621, 622, 663, 666, 667, 668, 672, 673, 674, 675], "excluded_lines": []}, "": {"executed_lines": [1, 18, 19, 20, 21, 22, 23, 24, 25, 27, 31, 32, 33, 34, 41, 56, 100, 236, 263, 337, 452, 534, 585], "summary": {"covered_lines": 22, "num_statements": 26, "percent_covered": 84.61538461538461, "percent_covered_display": "85", "missing_lines": 4, "excluded_lines": 0}, "missing_lines": [35, 36, 37, 38], "excluded_lines": []}}, "classes": {"": {"executed_lines": [1, 18, 19, 20, 21, 22, 23, 24, 25, 27, 31, 32, 33, 34, 41, 42, 43, 44, 46, 47, 48, 51, 52, 53, 56, 100, 107, 120, 122, 123, 125, 129, 130, 132, 133, 134, 135, 137, 138, 145, 146, 147, 148, 153, 154, 155, 156, 157, 158, 160, 161, 166, 172, 173, 174, 181, 182, 185, 190, 191, 195, 201, 207, 208, 209, 218, 219, 222, 223, 227, 229, 230, 231, 232, 236, 263, 337, 350, 351, 352, 353, 354, 356, 357, 452, 463, 464, 465, 466, 467, 469, 470, 534, 542, 545, 546, 547, 552, 553, 554, 555, 556, 557, 559, 562, 563, 566, 567, 568, 574, 575, 576, 582, 585, 586, 587, 588, 589, 590, 591, 593, 594, 595, 596, 597, 598, 600, 601, 603, 604, 605, 608, 612, 613, 614, 615, 617, 618, 619, 620, 625, 626, 627, 629, 630, 631, 632, 634, 636, 649, 651, 652, 653, 654, 655, 658, 659, 660, 661, 662, 665, 670], "summary": {"covered_lines": 161, "num_statements": 412, "percent_covered": 39.077669902912625, "percent_covered_display": "39", "missing_lines": 251, "excluded_lines": 0}, "missing_lines": [35, 36, 37, 38, 49, 50, 58, 70, 71, 72, 73, 74, 75, 76, 77, 78, 79, 80, 81, 82, 84, 85, 86, 87, 88, 89, 90, 91, 93, 94, 95, 96, 97, 124, 126, 139, 140, 162, 163, 164, 175, 176, 183, 192, 193, 194, 210, 211, 212, 213, 220, 224, 225, 238, 239, 241, 242, 243, 244, 245, 246, 247, 248, 249, 250, 251, 252, 253, 254, 255, 256, 257, 258, 260, 269, 270, 271, 273, 275, 276, 277, 278, 280, 282, 284, 285, 286, 287, 289, 291, 293, 294, 295, 298, 299, 300, 301, 302, 303, 304, 305, 306, 307, 308, 309, 312, 313, 314, 315, 316, 317, 319, 320, 322, 323, 324, 325, 326, 328, 329, 330, 331, 333, 334, 359, 361, 368, 375, 376, 377, 378, 379, 380, 382, 383, 384, 385, 386, 387, 388, 389, 391, 392, 393, 394, 395, 398, 400, 401, 404, 405, 406, 407, 408, 409, 410, 411, 413, 414, 415, 416, 419, 420, 421, 422, 425, 426, 427, 428, 429, 430, 431, 432, 433, 434, 435, 436, 437, 438, 440, 441, 442, 443, 444, 445, 446, 447, 448, 449, 472, 474, 481, 482, 483, 484, 485, 486, 487, 489, 490, 492, 493, 494, 495, 496, 497, 499, 500, 501, 502, 503, 504, 505, 506, 508, 509, 510, 511, 512, 515, 516, 517, 519, 520, 522, 523, 524, 525, 526, 527, 528, 531, 543, 548, 549, 569, 570, 572, 577, 578, 580, 621, 622, 663, 666, 667, 668, 672, 673, 674, 675], "excluded_lines": []}}}, "modules/search_functions/__init__.py": {"executed_lines": [1, 6, 8, 10, 13, 16], "summary": {"covered_lines": 5, "num_statements": 11, "percent_covered": 45.45454545454545, "percent_covered_display": "45", "missing_lines": 6, "excluded_lines": 0}, "missing_lines": [23, 25, 26, 28, 29, 31], "excluded_lines": [], "functions": {"register_routes": {"executed_lines": [], "summary": {"covered_lines": 0, "num_statements": 4, "percent_covered": 0.0, "percent_covered_display": "0", "missing_lines": 4, "excluded_lines": 0}, "missing_lines": [23, 25, 26, 31], "excluded_lines": []}, "register_routes.CiteSearch": {"executed_lines": [], "summary": {"covered_lines": 0, "num_statements": 2, "percent_covered": 0.0, "percent_covered_display": "0", "missing_lines": 2, "excluded_lines": 0}, "missing_lines": [28, 29], "excluded_lines": []}, "": {"executed_lines": [1, 6, 8, 10, 13, 16], "summary": {"covered_lines": 5, "num_statements": 5, "percent_covered": 100.0, "percent_covered_display": "100", "missing_lines": 0, "excluded_lines": 0}, "missing_lines": [], "excluded_lines": []}}, "classes": {"": {"executed_lines": [1, 6, 8, 10, 13, 16], "summary": {"covered_lines": 5, "num_statements": 11, "percent_covered": 45.45454545454545, "percent_covered_display": "45", "missing_lines": 6, "excluded_lines": 0}, "missing_lines": [23, 25, 26, 28, 29, 31], "excluded_lines": []}}}, "modules/search_functions/functions.py": {"executed_lines": [1, 6, 7, 9, 10, 13, 14, 16, 18, 21, 23, 24, 26, 28, 34, 35, 37, 38, 39, 40, 41, 42, 53, 56, 57, 60, 61, 62, 63, 66, 67, 68, 71, 72, 73, 74, 75, 78, 79, 80, 81, 86, 87, 90, 91, 92, 93, 94, 95, 97, 106, 111, 113, 114, 115, 116, 117, 118, 120, 121, 127, 128, 131, 132, 133, 134, 137, 138, 139, 140, 141, 142, 143, 144, 145, 146, 148, 149, 152, 153, 154, 155, 156, 158, 161, 162, 163, 164, 165, 168, 171, 173, 174, 175, 176, 179, 186], "summary": {"covered_lines": 96, "num_statements": 104, "percent_covered": 92.3076923076923, "percent_covered_display": "92", "missing_lines": 8, "excluded_lines": 0}, "missing_lines": [82, 83, 166, 167, 172, 192, 193, 194], "excluded_lines": [], "functions": {"_map_work_for_search_local": {"executed_lines": [23, 24, 26, 28, 34, 35, 37, 38, 39, 40, 41, 42, 53, 56, 57, 60, 61, 62, 63, 66, 67, 68, 71, 72, 73, 74, 75, 78, 79, 80, 81, 86, 87, 90, 91, 92, 93, 94, 95, 97], "summary": {"covered_lines": 40, "num_statements": 42, "percent_covered": 95.23809523809524, "percent_covered_display": "95", "missing_lines": 2, "excluded_lines": 0}, "missing_lines": [82, 83], "excluded_lines": []}, "search_openalex_list": {"executed_lines": [111, 113, 114, 115, 116, 117, 118, 120, 121, 127, 128, 131, 132, 133, 134, 137, 138, 139, 140, 141, 142, 143, 144, 145, 146, 148, 149, 152, 153, 154, 155, 156, 158, 161, 162, 163, 164, 165, 168, 171, 173, 174, 175, 176, 179, 186], "summary": {"covered_lines": 46, "num_statements": 52, "percent_covered": 88.46153846153847, "percent_covered_display": "88", "missing_lines": 6, "excluded_lines": 0}, "missing_lines": [166, 167, 172, 192, 193, 194], "excluded_lines": []}, "": {"executed_lines": [1, 6, 7, 9, 10, 13, 14, 16, 18, 21, 106], "summary": {"covered_lines": 10, "num_statements": 10, "percent_covered": 100.0, "percent_covered_display": "100", "missing_lines": 0, "excluded_lines": 0}, "missing_lines": [], "excluded_lines": []}}, "classes": {"": {"executed_lines": [1, 6, 7, 9, 10, 13, 14, 16, 18, 21, 23, 24, 26, 28, 34, 35, 37, 38, 39, 40, 41, 42, 53, 56, 57, 60, 61, 62, 63, 66, 67, 68, 71, 72, 73, 74, 75, 78, 79, 80, 81, 86, 87, 90, 91, 92, 93, 94, 95, 97, 106, 111, 113, 114, 115, 116, 117, 118, 120, 121, 127, 128, 131, 132, 133, 134, 137, 138, 139, 140, 141, 142, 143, 144, 145, 146, 148, 149, 152, 153, 154, 155, 156, 158, 161, 162, 163, 164, 165, 168, 171, 173, 174, 175, 176, 179, 186], "summary": {"covered_lines": 96, "num_statements": 104, "percent_covered": 92.3076923076923, "percent_covered_display": "92", "missing_lines": 8, "excluded_lines": 0}, "missing_lines": [82, 83, 166, 167, 172, 192, 193, 194], "excluded_lines": []}}}, "modules/template_functions.py": {"executed_lines": [], "summary": {"covered_lines": 0, "num_statements": 15, "percent_covered": 0.0, "percent_covered_display": "0", "missing_lines": 15, "excluded_lines": 0}, "missing_lines": [12, 14, 16, 20, 23, 30, 32, 33, 35, 36, 38, 39, 41, 42, 44], "excluded_lines": [], "functions": {"register_routes": {"executed_lines": [], "summary": {"covered_lines": 0, "num_statements": 6, "percent_covered": 0.0, "percent_covered_display": "0", "missing_lines": 6, "excluded_lines": 0}, "missing_lines": [30, 32, 33, 38, 39, 44], "excluded_lines": []}, "register_routes.YourFunction1": {"executed_lines": [], "summary": {"covered_lines": 0, "num_statements": 2, "percent_covered": 0.0, "percent_covered_display": "0", "missing_lines": 2, "excluded_lines": 0}, "missing_lines": [35, 36], "excluded_lines": []}, "register_routes.YourFunction2": {"executed_lines": [], "summary": {"covered_lines": 0, "num_statements": 2, "percent_covered": 0.0, "percent_covered_display": "0", "missing_lines": 2, "excluded_lines": 0}, "missing_lines": [41, 42], "excluded_lines": []}, "": {"executed_lines": [], "summary": {"covered_lines": 0, "num_statements": 5, "percent_covered": 0.0, "percent_covered_display": "0", "missing_lines": 5, "excluded_lines": 0}, "missing_lines": [12, 14, 16, 20, 23], "excluded_lines": []}}, "classes": {"": {"executed_lines": [], "summary": {"covered_lines": 0, "num_statements": 15, "percent_covered": 0.0, "percent_covered_display": "0", "missing_lines": 15, "excluded_lines": 0}, "missing_lines": [12, 14, 16, 20, 23, 30, 32, 33, 35, 36, 38, 39, 41, 42, 44], "excluded_lines": []}}}, "modules/test_functions/__init__.py": {"executed_lines": [], "summary": {"covered_lines": 0, "num_statements": 11, "percent_covered": 0.0, "percent_covered_display": "0", "missing_lines": 11, "excluded_lines": 0}, "missing_lines": [6, 8, 10, 13, 16, 23, 25, 26, 28, 29, 31], "excluded_lines": [], "functions": {"register_routes": {"executed_lines": [], "summary": {"covered_lines": 0, "num_statements": 4, "percent_covered": 0.0, "percent_covered_display": "0", "missing_lines": 4, "excluded_lines": 0}, "missing_lines": [23, 25, 26, 31], "excluded_lines": []}, "register_routes.HelloTestFunction": {"executed_lines": [], "summary": {"covered_lines": 0, "num_statements": 2, "percent_covered": 0.0, "percent_covered_display": "0", "missing_lines": 2, "excluded_lines": 0}, "missing_lines": [28, 29], "excluded_lines": []}, "": {"executed_lines": [], "summary": {"covered_lines": 0, "num_statements": 5, "percent_covered": 0.0, "percent_covered_display": "0", "missing_lines": 5, "excluded_lines": 0}, "missing_lines": [6, 8, 10, 13, 16], "excluded_lines": []}}, "classes": {"": {"executed_lines": [], "summary": {"covered_lines": 0, "num_statements": 11, "percent_covered": 0.0, "percent_covered_display": "0", "missing_lines": 11, "excluded_lines": 0}, "missing_lines": [6, 8, 10, 13, 16, 23, 25, 26, 28, 29, 31], "excluded_lines": []}}}, "modules/test_functions/functions.py": {"executed_lines": [], "summary": {"covered_lines": 0, "num_statements": 21, "percent_covered": 0.0, "percent_covered_display": "0", "missing_lines": 21, "excluded_lines": 0}, "missing_lines": [6, 8, 10, 13, 16, 21, 23, 24, 25, 26, 27, 28, 29, 31, 33, 34, 35, 36, 38, 39, 40], "excluded_lines": [], "functions": {"hello_test_function": {"executed_lines": [], "summary": {"covered_lines": 0, "num_statements": 16, "percent_covered": 0.0, "percent_covered_display": "0", "missing_lines": 16, "excluded_lines": 0}, "missing_lines": [21, 23, 24, 25, 26, 27, 28, 29, 31, 33, 34, 35, 36, 38, 39, 40], "excluded_lines": []}, "": {"executed_lines": [], "summary": {"covered_lines": 0, "num_statements": 5, "percent_covered": 0.0, "percent_covered_display": "0", "missing_lines": 5, "excluded_lines": 0}, "missing_lines": [6, 8, 10, 13, 16], "excluded_lines": []}}, "classes": {"": {"executed_lines": [], "summary": {"covered_lines": 0, "num_statements": 21, "percent_covered": 0.0, "percent_covered_display": "0", "missing_lines": 21, "excluded_lines": 0}, "missing_lines": [6, 8, 10, 13, 16, 21, 23, 24, 25, 26, 27, 28, 29, 31, 33, 34, 35, 36, 38, 39, 40], "excluded_lines": []}}}}, "totals": {"covered_lines": 528, "num_statements": 1562, "percent_covered": 33.80281690140845, "percent_covered_display": "34", "missing_lines": 1034, "excluded_lines": 0}}